{
  message: 'Wrong password..!',
  path: undefined,
  locations: undefined,
  extensions: { StatusCode: 401 },
  level: 'error',
  timestamp: 'Mar-22-2023 15:24:07'
}
{
  message: 'Wrong password..!',
  path: undefined,
  locations: undefined,
  extensions: { StatusCode: 401 },
  level: 'error',
  timestamp: 'Mar-22-2023 15:24:19'
}
{
  message: 'Wrong password..!',
  path: undefined,
  locations: undefined,
  extensions: { StatusCode: 401 },
  level: 'error',
  timestamp: 'Mar-22-2023 15:27:13'
}
Mar-22-2023 15:48:05 [error] Wrong password..! (undefined, undefined)
{
  message: 'Wrong password..!',
  path: undefined,
  locations: undefined,
  extensions: { StatusCode: 401 },
  level: 'error',
  timestamp: 'Mar-22-2023 15:50:01'
}
{
  message: 'Wrong password..!',
  path: undefined,
  locations: undefined,
  level: 'error',
  timestamp: 'Mar-22-2023 15:56:14'
}
{
  message: 'Wrong password..!',
  locations: undefined,
  level: 'error',
  timestamp: 'Mar-22-2023 15:56:34'
}
{
  message: 'Wrong password..!',
  path: undefined,
  locations: undefined,
  extensions: { StatusCode: 401 },
  level: 'error',
  timestamp: 'Mar-22-2023 15:59:29'
}
{
  message: 'Wrong password..!',
  locations: undefined,
  level: 'error',
  timestamp: 'Mar-22-2023 16:07:04'
}
{
  message: 'Wrong password..!',
  locations: ' error.locations',
  level: 'error',
  timestamp: 'Mar-22-2023 16:07:29'
}
{
  message: 'Wrong password..!',
  path: undefined,
  locations: undefined,
  extensions: { StatusCode: 401 },
  level: 'error',
  timestamp: 'Mar-22-2023 16:08:16'
}
{
  message: 'Wrong password..!',
  path: undefined,
  locations: undefined,
  extensions: { StatusCode: 401 },
  level: 'error',
  timestamp: 'Mar-22-2023 16:09:18'
}
{
  message: 'Wrong password..!',
  path: undefined,
  locations: undefined,
  extensions: { locations: [], path: [ 'protectedAction' ], StatusCode: 401 },
  level: 'error',
  timestamp: 'Mar-22-2023 16:20:40'
}
{
  message: 'Wrong password..!',
  path: [ 'protectedAction' ],
  locations: undefined,
  extensions: { StatusCode: 401 },
  level: 'error',
  timestamp: 'Mar-22-2023 16:21:19'
}
{
  message: 'Wrong password..!',
  path: undefined,
  locations: undefined,
  extensions: { StatusCode: 401 },
  level: 'error',
  timestamp: 'Mar-22-2023 16:21:39'
}
{
  message: 'Wrong password..!',
  path: undefined,
  locations: undefined,
  extensions: { StatusCode: 401 },
  level: 'error',
  timestamp: 'Mar-22-2023 16:35:58'
}
{
  message: '🚀 GRAPHQL Server is running at http://localhost:3000',
  level: 'info',
  timestamp: 'Mar-22-2023 16:49:40'
}
{
  message: '🚀 GRAPHQL Server is running at http://localhost:3000',
  level: 'info',
  timestamp: 'Mar-22-2023 16:51:55'
}
{
  message: '🚀 GRAPHQL Server is running at http://localhost:9090',
  level: 'info',
  timestamp: 'Mar-22-2023 16:51:55'
}
